<?xml version="1.0" encoding="UTF-8"?>
<!-- Generated by org.testng.reporters.JUnitReportReporter -->
<testsuite hostname="Sasikumar" failures="0" tests="1" name="org.prac.testcases.LoginPage" time="4.244" errors="0" timestamp="2023-11-22T17:08:47 IST" skipped="0">
  <testcase classname="org.prac.testcases.LoginPage" name="LoginFunction" time="4.244"/>
</testsuite> <!-- org.prac.testcases.LoginPage -->
