<?xml version="1.0" encoding="UTF-8"?>
<!-- Generated by org.testng.reporters.JUnitReportReporter -->
<testsuite hostname="Sasikumar" failures="0" tests="1" name="org.prac.testcases.LoginPage" time="0.341" errors="0" timestamp="2023-11-23T00:10:30 IST" skipped="0">
  <testcase classname="org.prac.testcases.LoginPage" name="LoginCredntialsInvalidAndValidCases" time="0.341"/>
</testsuite> <!-- org.prac.testcases.LoginPage -->
