<?xml version="1.0" encoding="UTF-8"?>
<!-- Generated by org.testng.reporters.JUnitReportReporter -->
<testsuite hostname="Sasikumar" failures="0" tests="1" name="org.prac.testcases.LoginPage" time="1.194" errors="0" timestamp="2023-11-23T01:06:21 IST" skipped="0">
  <testcase classname="org.prac.testcases.LoginPage" name="HomePageTest" time="1.194"/>
</testsuite> <!-- org.prac.testcases.LoginPage -->
